Determining if the pthread_create exist failed with the following output:
Change Dir: /home/janos/CLionProjects/finite_elemente/cmake-build-release/CMakeFiles/CMakeTmp

Run Build Command:"/usr/bin/make" "cmTC_4c632/fast"
/usr/bin/make -f CMakeFiles/cmTC_4c632.dir/build.make CMakeFiles/cmTC_4c632.dir/build
make[1]: Entering directory '/home/janos/CLionProjects/finite_elemente/cmake-build-release/CMakeFiles/CMakeTmp'
Building C object CMakeFiles/cmTC_4c632.dir/CheckSymbolExists.c.o
/usr/bin/cc    -o CMakeFiles/cmTC_4c632.dir/CheckSymbolExists.c.o   -c /home/janos/CLionProjects/finite_elemente/cmake-build-release/CMakeFiles/CMakeTmp/CheckSymbolExists.c
Linking C executable cmTC_4c632
/snap/clion/56/bin/cmake/linux/bin/cmake -E cmake_link_script CMakeFiles/cmTC_4c632.dir/link.txt --verbose=1
/usr/bin/cc       CMakeFiles/cmTC_4c632.dir/CheckSymbolExists.c.o  -o cmTC_4c632 
CMakeFiles/cmTC_4c632.dir/CheckSymbolExists.c.o: In function `main':
CheckSymbolExists.c:(.text+0x1b): undefined reference to `pthread_create'
collect2: error: ld returned 1 exit status
CMakeFiles/cmTC_4c632.dir/build.make:86: recipe for target 'cmTC_4c632' failed
make[1]: *** [cmTC_4c632] Error 1
make[1]: Leaving directory '/home/janos/CLionProjects/finite_elemente/cmake-build-release/CMakeFiles/CMakeTmp'
Makefile:121: recipe for target 'cmTC_4c632/fast' failed
make: *** [cmTC_4c632/fast] Error 2

File /home/janos/CLionProjects/finite_elemente/cmake-build-release/CMakeFiles/CMakeTmp/CheckSymbolExists.c:
/* */
#include <pthread.h>

int main(int argc, char** argv)
{
  (void)argv;
#ifndef pthread_create
  return ((int*)(&pthread_create))[argc];
#else
  (void)argc;
  return 0;
#endif
}

Determining if the function pthread_create exists in the pthreads failed with the following output:
Change Dir: /home/janos/CLionProjects/finite_elemente/cmake-build-release/CMakeFiles/CMakeTmp

Run Build Command:"/usr/bin/make" "cmTC_3c9d1/fast"
/usr/bin/make -f CMakeFiles/cmTC_3c9d1.dir/build.make CMakeFiles/cmTC_3c9d1.dir/build
make[1]: Entering directory '/home/janos/CLionProjects/finite_elemente/cmake-build-release/CMakeFiles/CMakeTmp'
Building C object CMakeFiles/cmTC_3c9d1.dir/CheckFunctionExists.c.o
/usr/bin/cc   -DCHECK_FUNCTION_EXISTS=pthread_create   -o CMakeFiles/cmTC_3c9d1.dir/CheckFunctionExists.c.o   -c /snap/clion/56/bin/cmake/linux/share/cmake-3.13/Modules/CheckFunctionExists.c
Linking C executable cmTC_3c9d1
/snap/clion/56/bin/cmake/linux/bin/cmake -E cmake_link_script CMakeFiles/cmTC_3c9d1.dir/link.txt --verbose=1
/usr/bin/cc   -DCHECK_FUNCTION_EXISTS=pthread_create    CMakeFiles/cmTC_3c9d1.dir/CheckFunctionExists.c.o  -o cmTC_3c9d1 -lpthreads 
/usr/bin/ld: cannot find -lpthreads
collect2: error: ld returned 1 exit status
CMakeFiles/cmTC_3c9d1.dir/build.make:86: recipe for target 'cmTC_3c9d1' failed
make[1]: *** [cmTC_3c9d1] Error 1
make[1]: Leaving directory '/home/janos/CLionProjects/finite_elemente/cmake-build-release/CMakeFiles/CMakeTmp'
Makefile:121: recipe for target 'cmTC_3c9d1/fast' failed
make: *** [cmTC_3c9d1/fast] Error 2


